2023-03-21 21:38:44,732 [Worker-6: Loading available Gradle versions] INFO  o.e.b.c.i.u.g.PublishedGradleVersions - Gradle version information cache is up-to-date. Trying to read.
2023-03-21 21:42:02,564 [Worker-3: Import Getting Started Content] INFO  o.e.m.c.i.l.LifecycleMappingFactory - Using org.maven.ide.eclipse.wtp.WarLifecycleMapping lifecycle mapping for MavenProject: com.codingdojo.hellohuman:hellohuman:0.0.1-SNAPSHOT @ /Users/levijosiahmariano/Desktop/SoftwareDevelopment/CodingDojo/java/spring/intro/assignments/helloHuman/hellohuman/pom.xml.
2023-03-21 21:42:04,564 [Worker-3: Import Getting Started Content] INFO  o.e.m.j.i.AbstractJavaProjectConfigurator - Adding source folder /hellohuman/src/main/java
2023-03-21 21:42:04,565 [Worker-3: Import Getting Started Content] INFO  o.e.m.j.i.AbstractJavaProjectConfigurator - Adding resource folder /hellohuman/src/main/resources
2023-03-21 21:42:04,569 [Worker-3: Import Getting Started Content] INFO  o.e.m.j.i.AbstractJavaProjectConfigurator - Adding resource folder /hellohuman/src/main/resources
2023-03-21 21:42:04,574 [Worker-3: Import Getting Started Content] INFO  o.e.m.j.i.AbstractJavaProjectConfigurator - Adding source folder /hellohuman/src/test/java
2023-03-21 21:42:07,873 [Worker-3: Import Getting Started Content] INFO  o.e.m.c.i.p.ProjectConfigurationManager - Imported and configured 1 project(s) in 6 sec
2023-03-21 21:42:07,878 [Worker-3: Import Getting Started Content] INFO  o.e.m.c.i.p.ProjectConfigurationManager - Update started
2023-03-21 21:42:08,394 [Worker-3: Import Getting Started Content] INFO  o.e.m.c.i.l.LifecycleMappingFactory - Using org.maven.ide.eclipse.wtp.WarLifecycleMapping lifecycle mapping for MavenProject: com.codingdojo.hellohuman:hellohuman:0.0.1-SNAPSHOT @ /Users/levijosiahmariano/Desktop/SoftwareDevelopment/CodingDojo/java/spring/intro/assignments/helloHuman/hellohuman/pom.xml.
2023-03-21 21:42:09,527 [Worker-3: Import Getting Started Content] INFO  o.e.m.j.i.AbstractJavaProjectConfigurator - Adding source folder /hellohuman/src/main/java
2023-03-21 21:42:09,528 [Worker-3: Import Getting Started Content] INFO  o.e.m.j.i.AbstractJavaProjectConfigurator - Adding resource folder /hellohuman/src/main/resources
2023-03-21 21:42:09,528 [Worker-3: Import Getting Started Content] INFO  o.e.m.j.i.AbstractJavaProjectConfigurator - Adding resource folder /hellohuman/src/main/resources
2023-03-21 21:42:09,529 [Worker-3: Import Getting Started Content] INFO  o.e.m.j.i.AbstractJavaProjectConfigurator - Adding source folder /hellohuman/src/test/java
2023-03-21 21:42:10,323 [Worker-3: Import Getting Started Content] INFO  o.e.m.w.i.f.ResourceFilteringBuildParticipant - Cleaning filtered folder for hellohuman
2023-03-21 21:42:10,330 [Worker-3: Import Getting Started Content] INFO  o.e.m.c.i.p.ProjectConfigurationManager - Update completed: 2 sec
2023-03-21 21:42:10,964 [Worker-0: Building] INFO  o.a.m.s.f.DefaultMavenResourcesFiltering - Copying 1 resource
2023-03-21 21:42:10,997 [Worker-0: Building] INFO  o.a.m.s.f.DefaultMavenResourcesFiltering - Copying 0 resource
2023-03-21 21:42:11,003 [Worker-0: Building] INFO  o.a.m.s.f.DefaultMavenResourcesFiltering - skip non existing resourceDirectory /Users/levijosiahmariano/Desktop/SoftwareDevelopment/CodingDojo/java/spring/intro/assignments/helloHuman/hellohuman/src/test/resources
2023-03-21 21:42:11,004 [Worker-0: Building] INFO  o.e.m.w.i.f.ResourceFilteringBuildParticipant - Changed resources require a complete clean of filtered resources of hellohuman
2023-03-21 21:42:11,004 [Worker-0: Building] INFO  o.e.m.w.i.f.ResourceFilteringBuildParticipant - Executing resource filtering for hellohuman
2023-03-21 21:46:04,537 [Worker-13: Building] INFO  o.a.m.s.f.DefaultMavenResourcesFiltering - Copying 1 resource
2023-03-21 21:46:04,569 [Worker-13: Building] INFO  o.a.m.s.f.DefaultMavenResourcesFiltering - Copying 0 resource
2023-03-21 21:46:04,576 [Worker-13: Building] INFO  o.a.m.s.f.DefaultMavenResourcesFiltering - skip non existing resourceDirectory /Users/levijosiahmariano/Desktop/SoftwareDevelopment/CodingDojo/java/spring/intro/assignments/helloHuman/hellohuman/src/test/resources
2023-03-21 21:54:58,065 [Worker-21: Building] INFO  o.a.m.s.f.DefaultMavenResourcesFiltering - Copying 1 resource
2023-03-21 21:54:58,099 [Worker-21: Building] INFO  o.a.m.s.f.DefaultMavenResourcesFiltering - Copying 0 resource
2023-03-21 21:54:58,107 [Worker-21: Building] INFO  o.a.m.s.f.DefaultMavenResourcesFiltering - skip non existing resourceDirectory /Users/levijosiahmariano/Desktop/SoftwareDevelopment/CodingDojo/java/spring/intro/assignments/helloHuman/hellohuman/src/test/resources
2023-03-21 22:03:15,638 [Worker-21: Building] INFO  o.a.m.s.f.DefaultMavenResourcesFiltering - Copying 1 resource
2023-03-21 22:03:15,692 [Worker-21: Building] INFO  o.a.m.s.f.DefaultMavenResourcesFiltering - Copying 0 resource
2023-03-21 22:03:15,699 [Worker-21: Building] INFO  o.a.m.s.f.DefaultMavenResourcesFiltering - skip non existing resourceDirectory /Users/levijosiahmariano/Desktop/SoftwareDevelopment/CodingDojo/java/spring/intro/assignments/helloHuman/hellohuman/src/test/resources
2023-03-22 20:53:17,427 [Worker-6: Loading available Gradle versions] INFO  o.e.b.c.i.u.g.PublishedGradleVersions - Gradle version information cache is up-to-date. Trying to read.
2023-03-22 20:54:53,855 [Worker-7: Building] INFO  o.a.m.s.f.DefaultMavenResourcesFiltering - Copying 1 resource
2023-03-22 20:54:53,889 [Worker-7: Building] INFO  o.a.m.s.f.DefaultMavenResourcesFiltering - Copying 0 resource
2023-03-22 20:54:53,897 [Worker-7: Building] INFO  o.a.m.s.f.DefaultMavenResourcesFiltering - skip non existing resourceDirectory /Users/levijosiahmariano/Desktop/SoftwareDevelopment/CodingDojo/java/spring/intro/assignments/helloHuman/hellohuman/src/test/resources
